0 info it worked if it ends with ok
1 verbose cli [ 'C:\\Program Files\\nodejs\\node.exe',
1 verbose cli   'C:\\Program Files\\nodejs\\node_modules\\npm\\bin\\npm-cli.js',
1 verbose cli   'start' ]
2 info using npm@2.11.3
3 info using node@v4.2.1
4 verbose run-script [ 'prestart', 'start', 'poststart' ]
5 info prestart signal-master@0.2.3
6 info start signal-master@0.2.3
7 verbose unsafe-perm in lifecycle true
8 info signal-master@0.2.3 Failed to exec start script
9 verbose stack Error: signal-master@0.2.3 start: `NODE_ENV=production node server.js`
9 verbose stack Exit status 1
9 verbose stack     at EventEmitter.<anonymous> (C:\Program Files\nodejs\node_modules\npm\lib\utils\lifecycle.js:213:16)
9 verbose stack     at emitTwo (events.js:87:13)
9 verbose stack     at EventEmitter.emit (events.js:172:7)
9 verbose stack     at ChildProcess.<anonymous> (C:\Program Files\nodejs\node_modules\npm\lib\utils\spawn.js:24:14)
9 verbose stack     at emitTwo (events.js:87:13)
9 verbose stack     at ChildProcess.emit (events.js:172:7)
9 verbose stack     at maybeClose (internal/child_process.js:818:16)
9 verbose stack     at Process.ChildProcess._handle.onexit (internal/child_process.js:211:5)
10 verbose pkgid signal-master@0.2.3
11 verbose cwd C:\Users\yavango1\WebstormProjects\Simple-WebRTC-Server
12 error Windows_NT 10.0.10586
13 error argv "C:\\Program Files\\nodejs\\node.exe" "C:\\Program Files\\nodejs\\node_modules\\npm\\bin\\npm-cli.js" "start"
14 error node v4.2.1
15 error npm  v2.11.3
16 error code ELIFECYCLE
17 error signal-master@0.2.3 start: `NODE_ENV=production node server.js`
17 error Exit status 1
18 error Failed at the signal-master@0.2.3 start script 'NODE_ENV=production node server.js'.
18 error This is most likely a problem with the signal-master package,
18 error not with npm itself.
18 error Tell the author that this fails on your system:
18 error     NODE_ENV=production node server.js
18 error You can get their info via:
18 error     npm owner ls signal-master
18 error There is likely additional logging output above.
19 verbose exit [ 1, true ]
